  AnimalApp.cpp
C:\Users\Rog\source\repos\AnimalApp\AnimalApp.cpp(7,12): error C2065: Herbivore: необъявленный идентификатор
C:\Users\Rog\source\repos\AnimalApp\AnimalApp.cpp(7,22): error C2059: синтаксическая ошибка: >
C:\Users\Rog\source\repos\AnimalApp\AnimalApp.cpp(8,12): error C2065: Carnivore: необъявленный идентификатор
C:\Users\Rog\source\repos\AnimalApp\AnimalApp.cpp(8,22): error C2059: синтаксическая ошибка: >
C:\Users\Rog\source\repos\AnimalApp\AnimalApp.cpp(11,31): error C2061: синтаксическая ошибка: идентификатор "Herbivore"
C:\Users\Rog\source\repos\AnimalApp\AnimalApp.cpp(15,31): error C2061: синтаксическая ошибка: идентификатор "Carnivore"
C:\Users\Rog\source\repos\AnimalApp\AnimalApp.cpp(12,30): error C2065: herbivore: необъявленный идентификатор
C:\Users\Rog\source\repos\AnimalApp\AnimalApp.cpp(16,30): error C2065: carnivore: необъявленный идентификатор
C:\Users\Rog\source\repos\AnimalApp\AnimalApp.cpp(20,32): error C2672: "begin": не найдена соответствующая перегруженная функция
C:\Program Files\Microsoft Visual Studio\2022\Community\VC\Tools\MSVC\14.37.32822\include\xutility(1804,27): message : может быть "_Ty *std::begin(_Ty (&)[_Size]) noexcept"
C:\Users\Rog\source\repos\AnimalApp\AnimalApp.cpp(20,32): message : '_Ty *std::begin(_Ty (&)[_Size]) noexcept': не удалось вывести аргумент шаблон для '_Ty (&)[_Size]' из 'unknown-type'
C:\Program Files\Microsoft Visual Studio\2022\Community\VC\Tools\MSVC\14.37.32822\include\xutility(1786,30): message : или       "unknown-type std::begin(const _Container &) noexcept(<expr>)"
C:\Users\Rog\source\repos\AnimalApp\AnimalApp.cpp(20,32): message : Сбой при специализации функции-шаблона "unknown-type std::begin(const _Container &) noexcept(<expr>)"
C:\Users\Rog\source\repos\AnimalApp\AnimalApp.cpp(20,32): message : Со следующими аргументами шаблона:
C:\Users\Rog\source\repos\AnimalApp\AnimalApp.cpp(20,32): message : "_Container=unknown-type"
C:\Program Files\Microsoft Visual Studio\2022\Community\VC\Tools\MSVC\14.37.32822\include\xutility(1780,30): message : или       "unknown-type std::begin(_Container &) noexcept(<expr>)"
C:\Users\Rog\source\repos\AnimalApp\AnimalApp.cpp(20,32): message : Сбой при специализации функции-шаблона "unknown-type std::begin(_Container &) noexcept(<expr>)"
C:\Users\Rog\source\repos\AnimalApp\AnimalApp.cpp(20,32): message : Со следующими аргументами шаблона:
C:\Users\Rog\source\repos\AnimalApp\AnimalApp.cpp(20,32): message : "_Container=unknown-type"
C:\Program Files\Microsoft Visual Studio\2022\Community\VC\Tools\MSVC\14.37.32822\include\initializer_list(55,35): message : или       "const _Elem *std::begin(std::initializer_list<_Elem>) noexcept"
C:\Users\Rog\source\repos\AnimalApp\AnimalApp.cpp(20,32): message : 'const _Elem *std::begin(std::initializer_list<_Elem>) noexcept': не удалось вывести аргумент шаблон для 'std::initializer_list<_Elem>' из 'unknown-type'
C:\Users\Rog\source\repos\AnimalApp\AnimalApp.cpp(20,32): error C2672: "end": не найдена соответствующая перегруженная функция
C:\Program Files\Microsoft Visual Studio\2022\Community\VC\Tools\MSVC\14.37.32822\include\xutility(1809,27): message : может быть "_Ty *std::end(_Ty (&)[_Size]) noexcept"
C:\Users\Rog\source\repos\AnimalApp\AnimalApp.cpp(20,32): message : '_Ty *std::end(_Ty (&)[_Size]) noexcept': не удалось вывести аргумент шаблон для '_Ty (&)[_Size]' из 'unknown-type'
C:\Program Files\Microsoft Visual Studio\2022\Community\VC\Tools\MSVC\14.37.32822\include\xutility(1798,30): message : или       "unknown-type std::end(const _Container &) noexcept(<expr>)"
C:\Users\Rog\source\repos\AnimalApp\AnimalApp.cpp(20,32): message : Сбой при специализации функции-шаблона "unknown-type std::end(const _Container &) noexcept(<expr>)"
C:\Users\Rog\source\repos\AnimalApp\AnimalApp.cpp(20,32): message : Со следующими аргументами шаблона:
C:\Users\Rog\source\repos\AnimalApp\AnimalApp.cpp(20,32): message : "_Container=unknown-type"
C:\Program Files\Microsoft Visual Studio\2022\Community\VC\Tools\MSVC\14.37.32822\include\xutility(1792,30): message : или       "unknown-type std::end(_Container &) noexcept(<expr>)"
C:\Users\Rog\source\repos\AnimalApp\AnimalApp.cpp(20,32): message : Сбой при специализации функции-шаблона "unknown-type std::end(_Container &) noexcept(<expr>)"
C:\Users\Rog\source\repos\AnimalApp\AnimalApp.cpp(20,32): message : Со следующими аргументами шаблона:
C:\Users\Rog\source\repos\AnimalApp\AnimalApp.cpp(20,32): message : "_Container=unknown-type"
C:\Program Files\Microsoft Visual Studio\2022\Community\VC\Tools\MSVC\14.37.32822\include\initializer_list(60,35): message : или       "const _Elem *std::end(std::initializer_list<_Elem>) noexcept"
C:\Users\Rog\source\repos\AnimalApp\AnimalApp.cpp(20,32): message : 'const _Elem *std::end(std::initializer_list<_Elem>) noexcept': не удалось вывести аргумент шаблон для 'std::initializer_list<_Elem>' из 'unknown-type'
C:\Users\Rog\source\repos\AnimalApp\AnimalApp.cpp(20,32): error C3536: <begin>$L0: не может использоваться до инициализации
C:\Users\Rog\source\repos\AnimalApp\AnimalApp.cpp(20,32): error C3536: <end>$L0: не может использоваться до инициализации
C:\Users\Rog\source\repos\AnimalApp\AnimalApp.cpp(20,42): error C2100: недопустимое косвенное обращение
C:\Users\Rog\source\repos\AnimalApp\AnimalApp.cpp(26,32): error C2672: "begin": не найдена соответствующая перегруженная функция
C:\Program Files\Microsoft Visual Studio\2022\Community\VC\Tools\MSVC\14.37.32822\include\xutility(1804,27): message : может быть "_Ty *std::begin(_Ty (&)[_Size]) noexcept"
C:\Users\Rog\source\repos\AnimalApp\AnimalApp.cpp(26,32): message : '_Ty *std::begin(_Ty (&)[_Size]) noexcept': не удалось вывести аргумент шаблон для '_Ty (&)[_Size]' из 'unknown-type'
C:\Program Files\Microsoft Visual Studio\2022\Community\VC\Tools\MSVC\14.37.32822\include\xutility(1786,30): message : или       "unknown-type std::begin(const _Container &) noexcept(<expr>)"
C:\Users\Rog\source\repos\AnimalApp\AnimalApp.cpp(26,32): message : Сбой при специализации функции-шаблона "unknown-type std::begin(const _Container &) noexcept(<expr>)"
C:\Users\Rog\source\repos\AnimalApp\AnimalApp.cpp(26,32): message : Со следующими аргументами шаблона:
C:\Users\Rog\source\repos\AnimalApp\AnimalApp.cpp(26,32): message : "_Container=unknown-type"
C:\Program Files\Microsoft Visual Studio\2022\Community\VC\Tools\MSVC\14.37.32822\include\xutility(1780,30): message : или       "unknown-type std::begin(_Container &) noexcept(<expr>)"
C:\Users\Rog\source\repos\AnimalApp\AnimalApp.cpp(26,32): message : Сбой при специализации функции-шаблона "unknown-type std::begin(_Container &) noexcept(<expr>)"
C:\Users\Rog\source\repos\AnimalApp\AnimalApp.cpp(26,32): message : Со следующими аргументами шаблона:
C:\Users\Rog\source\repos\AnimalApp\AnimalApp.cpp(26,32): message : "_Container=unknown-type"
C:\Program Files\Microsoft Visual Studio\2022\Community\VC\Tools\MSVC\14.37.32822\include\initializer_list(55,35): message : или       "const _Elem *std::begin(std::initializer_list<_Elem>) noexcept"
C:\Users\Rog\source\repos\AnimalApp\AnimalApp.cpp(26,32): message : 'const _Elem *std::begin(std::initializer_list<_Elem>) noexcept': не удалось вывести аргумент шаблон для 'std::initializer_list<_Elem>' из 'unknown-type'
C:\Users\Rog\source\repos\AnimalApp\AnimalApp.cpp(26,32): error C2672: "end": не найдена соответствующая перегруженная функция
C:\Program Files\Microsoft Visual Studio\2022\Community\VC\Tools\MSVC\14.37.32822\include\xutility(1809,27): message : может быть "_Ty *std::end(_Ty (&)[_Size]) noexcept"
C:\Users\Rog\source\repos\AnimalApp\AnimalApp.cpp(26,32): message : '_Ty *std::end(_Ty (&)[_Size]) noexcept': не удалось вывести аргумент шаблон для '_Ty (&)[_Size]' из 'unknown-type'
C:\Program Files\Microsoft Visual Studio\2022\Community\VC\Tools\MSVC\14.37.32822\include\xutility(1798,30): message : или       "unknown-type std::end(const _Container &) noexcept(<expr>)"
C:\Users\Rog\source\repos\AnimalApp\AnimalApp.cpp(26,32): message : Сбой при специализации функции-шаблона "unknown-type std::end(const _Container &) noexcept(<expr>)"
C:\Users\Rog\source\repos\AnimalApp\AnimalApp.cpp(26,32): message : Со следующими аргументами шаблона:
C:\Users\Rog\source\repos\AnimalApp\AnimalApp.cpp(26,32): message : "_Container=unknown-type"
C:\Program Files\Microsoft Visual Studio\2022\Community\VC\Tools\MSVC\14.37.32822\include\xutility(1792,30): message : или       "unknown-type std::end(_Container &) noexcept(<expr>)"
C:\Users\Rog\source\repos\AnimalApp\AnimalApp.cpp(26,32): message : Сбой при специализации функции-шаблона "unknown-type std::end(_Container &) noexcept(<expr>)"
C:\Users\Rog\source\repos\AnimalApp\AnimalApp.cpp(26,32): message : Со следующими аргументами шаблона:
C:\Users\Rog\source\repos\AnimalApp\AnimalApp.cpp(26,32): message : "_Container=unknown-type"
C:\Program Files\Microsoft Visual Studio\2022\Community\VC\Tools\MSVC\14.37.32822\include\initializer_list(60,35): message : или       "const _Elem *std::end(std::initializer_list<_Elem>) noexcept"
C:\Users\Rog\source\repos\AnimalApp\AnimalApp.cpp(26,32): message : 'const _Elem *std::end(std::initializer_list<_Elem>) noexcept': не удалось вывести аргумент шаблон для 'std::initializer_list<_Elem>' из 'unknown-type'
C:\Users\Rog\source\repos\AnimalApp\AnimalApp.cpp(26,32): error C3536: <begin>$L0: не может использоваться до инициализации
C:\Users\Rog\source\repos\AnimalApp\AnimalApp.cpp(26,32): error C3536: <end>$L0: не может использоваться до инициализации
C:\Users\Rog\source\repos\AnimalApp\AnimalApp.cpp(26,42): error C2100: недопустимое косвенное обращение
C:\Users\Rog\source\repos\AnimalApp\AnimalApp.cpp(27,36): error C2672: "begin": не найдена соответствующая перегруженная функция
C:\Program Files\Microsoft Visual Studio\2022\Community\VC\Tools\MSVC\14.37.32822\include\xutility(1804,27): message : может быть "_Ty *std::begin(_Ty (&)[_Size]) noexcept"
C:\Users\Rog\source\repos\AnimalApp\AnimalApp.cpp(27,36): message : '_Ty *std::begin(_Ty (&)[_Size]) noexcept': не удалось вывести аргумент шаблон для '_Ty (&)[_Size]' из 'unknown-type'
C:\Program Files\Microsoft Visual Studio\2022\Community\VC\Tools\MSVC\14.37.32822\include\xutility(1786,30): message : или       "unknown-type std::begin(const _Container &) noexcept(<expr>)"
C:\Users\Rog\source\repos\AnimalApp\AnimalApp.cpp(27,36): message : Сбой при специализации функции-шаблона "unknown-type std::begin(const _Container &) noexcept(<expr>)"
C:\Users\Rog\source\repos\AnimalApp\AnimalApp.cpp(27,36): message : Со следующими аргументами шаблона:
C:\Users\Rog\source\repos\AnimalApp\AnimalApp.cpp(27,36): message : "_Container=unknown-type"
C:\Program Files\Microsoft Visual Studio\2022\Community\VC\Tools\MSVC\14.37.32822\include\xutility(1780,30): message : или       "unknown-type std::begin(_Container &) noexcept(<expr>)"
C:\Users\Rog\source\repos\AnimalApp\AnimalApp.cpp(27,36): message : Сбой при специализации функции-шаблона "unknown-type std::begin(_Container &) noexcept(<expr>)"
C:\Users\Rog\source\repos\AnimalApp\AnimalApp.cpp(27,36): message : Со следующими аргументами шаблона:
C:\Users\Rog\source\repos\AnimalApp\AnimalApp.cpp(27,36): message : "_Container=unknown-type"
C:\Program Files\Microsoft Visual Studio\2022\Community\VC\Tools\MSVC\14.37.32822\include\initializer_list(55,35): message : или       "const _Elem *std::begin(std::initializer_list<_Elem>) noexcept"
C:\Users\Rog\source\repos\AnimalApp\AnimalApp.cpp(27,36): message : 'const _Elem *std::begin(std::initializer_list<_Elem>) noexcept': не удалось вывести аргумент шаблон для 'std::initializer_list<_Elem>' из 'unknown-type'
C:\Users\Rog\source\repos\AnimalApp\AnimalApp.cpp(27,36): error C2672: "end": не найдена соответствующая перегруженная функция
C:\Program Files\Microsoft Visual Studio\2022\Community\VC\Tools\MSVC\14.37.32822\include\xutility(1809,27): message : может быть "_Ty *std::end(_Ty (&)[_Size]) noexcept"
C:\Users\Rog\source\repos\AnimalApp\AnimalApp.cpp(27,36): message : '_Ty *std::end(_Ty (&)[_Size]) noexcept': не удалось вывести аргумент шаблон для '_Ty (&)[_Size]' из 'unknown-type'
C:\Program Files\Microsoft Visual Studio\2022\Community\VC\Tools\MSVC\14.37.32822\include\xutility(1798,30): message : или       "unknown-type std::end(const _Container &) noexcept(<expr>)"
C:\Users\Rog\source\repos\AnimalApp\AnimalApp.cpp(27,36): message : Сбой при специализации функции-шаблона "unknown-type std::end(const _Container &) noexcept(<expr>)"
C:\Users\Rog\source\repos\AnimalApp\AnimalApp.cpp(27,36): message : Со следующими аргументами шаблона:
C:\Users\Rog\source\repos\AnimalApp\AnimalApp.cpp(27,36): message : "_Container=unknown-type"
C:\Program Files\Microsoft Visual Studio\2022\Community\VC\Tools\MSVC\14.37.32822\include\xutility(1792,30): message : или       "unknown-type std::end(_Container &) noexcept(<expr>)"
C:\Users\Rog\source\repos\AnimalApp\AnimalApp.cpp(27,36): message : Сбой при специализации функции-шаблона "unknown-type std::end(_Container &) noexcept(<expr>)"
C:\Users\Rog\source\repos\AnimalApp\AnimalApp.cpp(27,36): message : Со следующими аргументами шаблона:
C:\Users\Rog\source\repos\AnimalApp\AnimalApp.cpp(27,36): message : "_Container=unknown-type"
C:\Program Files\Microsoft Visual Studio\2022\Community\VC\Tools\MSVC\14.37.32822\include\initializer_list(60,35): message : или       "const _Elem *std::end(std::initializer_list<_Elem>) noexcept"
C:\Users\Rog\source\repos\AnimalApp\AnimalApp.cpp(27,36): message : 'const _Elem *std::end(std::initializer_list<_Elem>) noexcept': не удалось вывести аргумент шаблон для 'std::initializer_list<_Elem>' из 'unknown-type'
C:\Users\Rog\source\repos\AnimalApp\AnimalApp.cpp(27,36): error C3536: <begin>$L1: не может использоваться до инициализации
C:\Users\Rog\source\repos\AnimalApp\AnimalApp.cpp(27,36): error C3536: <end>$L1: не может использоваться до инициализации
C:\Users\Rog\source\repos\AnimalApp\AnimalApp.cpp(27,46): error C2100: недопустимое косвенное обращение
C:\Users\Rog\source\repos\AnimalApp\AnimalApp.cpp(36,23): error C2061: синтаксическая ошибка: идентификатор "Herbivore"
C:\Users\Rog\source\repos\AnimalApp\AnimalApp.cpp(40,23): error C2061: синтаксическая ошибка: идентификатор "Carnivore"
C:\Users\Rog\source\repos\AnimalApp\AnimalApp.cpp(37,30): error C2065: herbivore: необъявленный идентификатор
C:\Users\Rog\source\repos\AnimalApp\AnimalApp.cpp(41,30): error C2065: carnivore: необъявленный идентификатор
C:\Users\Rog\source\repos\AnimalApp\AnimalApp.cpp(45,32): error C2672: "begin": не найдена соответствующая перегруженная функция
C:\Program Files\Microsoft Visual Studio\2022\Community\VC\Tools\MSVC\14.37.32822\include\xutility(1804,27): message : может быть "_Ty *std::begin(_Ty (&)[_Size]) noexcept"
C:\Users\Rog\source\repos\AnimalApp\AnimalApp.cpp(45,32): message : '_Ty *std::begin(_Ty (&)[_Size]) noexcept': не удалось вывести аргумент шаблон для '_Ty (&)[_Size]' из 'unknown-type'
C:\Program Files\Microsoft Visual Studio\2022\Community\VC\Tools\MSVC\14.37.32822\include\xutility(1786,30): message : или       "unknown-type std::begin(const _Container &) noexcept(<expr>)"
C:\Users\Rog\source\repos\AnimalApp\AnimalApp.cpp(45,32): message : Сбой при специализации функции-шаблона "unknown-type std::begin(const _Container &) noexcept(<expr>)"
C:\Users\Rog\source\repos\AnimalApp\AnimalApp.cpp(45,32): message : Со следующими аргументами шаблона:
C:\Users\Rog\source\repos\AnimalApp\AnimalApp.cpp(45,32): message : "_Container=unknown-type"
C:\Program Files\Microsoft Visual Studio\2022\Community\VC\Tools\MSVC\14.37.32822\include\xutility(1780,30): message : или       "unknown-type std::begin(_Container &) noexcept(<expr>)"
C:\Users\Rog\source\repos\AnimalApp\AnimalApp.cpp(45,32): message : Сбой при специализации функции-шаблона "unknown-type std::begin(_Container &) noexcept(<expr>)"
C:\Users\Rog\source\repos\AnimalApp\AnimalApp.cpp(45,32): message : Со следующими аргументами шаблона:
C:\Users\Rog\source\repos\AnimalApp\AnimalApp.cpp(45,32): message : "_Container=unknown-type"
C:\Program Files\Microsoft Visual Studio\2022\Community\VC\Tools\MSVC\14.37.32822\include\initializer_list(55,35): message : или       "const _Elem *std::begin(std::initializer_list<_Elem>) noexcept"
C:\Users\Rog\source\repos\AnimalApp\AnimalApp.cpp(45,32): message : 'const _Elem *std::begin(std::initializer_list<_Elem>) noexcept': не удалось вывести аргумент шаблон для 'std::initializer_list<_Elem>' из 'unknown-type'
C:\Users\Rog\source\repos\AnimalApp\AnimalApp.cpp(45,32): error C2672: "end": не найдена соответствующая перегруженная функция
C:\Program Files\Microsoft Visual Studio\2022\Community\VC\Tools\MSVC\14.37.32822\include\xutility(1809,27): message : может быть "_Ty *std::end(_Ty (&)[_Size]) noexcept"
C:\Users\Rog\source\repos\AnimalApp\AnimalApp.cpp(45,32): message : '_Ty *std::end(_Ty (&)[_Size]) noexcept': не удалось вывести аргумент шаблон для '_Ty (&)[_Size]' из 'unknown-type'
C:\Program Files\Microsoft Visual Studio\2022\Community\VC\Tools\MSVC\14.37.32822\include\xutility(1798,30): message : или       "unknown-type std::end(const _Container &) noexcept(<expr>)"
C:\Users\Rog\source\repos\AnimalApp\AnimalApp.cpp(45,32): message : Сбой при специализации функции-шаблона "unknown-type std::end(const _Container &) noexcept(<expr>)"
C:\Users\Rog\source\repos\AnimalApp\AnimalApp.cpp(45,32): message : Со следующими аргументами шаблона:
C:\Users\Rog\source\repos\AnimalApp\AnimalApp.cpp(45,32): message : "_Container=unknown-type"
C:\Program Files\Microsoft Visual Studio\2022\Community\VC\Tools\MSVC\14.37.32822\include\xutility(1792,30): message : или       "unknown-type std::end(_Container &) noexcept(<expr>)"
C:\Users\Rog\source\repos\AnimalApp\AnimalApp.cpp(45,32): message : Сбой при специализации функции-шаблона "unknown-type std::end(_Container &) noexcept(<expr>)"
C:\Users\Rog\source\repos\AnimalApp\AnimalApp.cpp(45,32): message : Со следующими аргументами шаблона:
C:\Users\Rog\source\repos\AnimalApp\AnimalApp.cpp(45,32): message : "_Container=unknown-type"
C:\Program Files\Microsoft Visual Studio\2022\Community\VC\Tools\MSVC\14.37.32822\include\initializer_list(60,35): message : или       "const _Elem *std::end(std::initializer_list<_Elem>) noexcept"
C:\Users\Rog\source\repos\AnimalApp\AnimalApp.cpp(45,32): message : 'const _Elem *std::end(std::initializer_list<_Elem>) noexcept': не удалось вывести аргумент шаблон для 'std::initializer_list<_Elem>' из 'unknown-type'
C:\Users\Rog\source\repos\AnimalApp\AnimalApp.cpp(45,32): error C3536: <begin>$L0: не может использоваться до инициализации
C:\Users\Rog\source\repos\AnimalApp\AnimalApp.cpp(45,32): error C3536: <end>$L0: не может использоваться до инициализации
C:\Users\Rog\source\repos\AnimalApp\AnimalApp.cpp(45,42): error C2100: недопустимое косвенное обращение
C:\Users\Rog\source\repos\AnimalApp\AnimalApp.cpp(51,32): error C2672: "begin": не найдена соответствующая перегруженная функция
C:\Program Files\Microsoft Visual Studio\2022\Community\VC\Tools\MSVC\14.37.32822\include\xutility(1804,27): message : может быть "_Ty *std::begin(_Ty (&)[_Size]) noexcept"
C:\Users\Rog\source\repos\AnimalApp\AnimalApp.cpp(51,32): message : '_Ty *std::begin(_Ty (&)[_Size]) noexcept': не удалось вывести аргумент шаблон для '_Ty (&)[_Size]' из 'unknown-type'
C:\Program Files\Microsoft Visual Studio\2022\Community\VC\Tools\MSVC\14.37.32822\include\xutility(1786,30): message : или       "unknown-type std::begin(const _Container &) noexcept(<expr>)"
C:\Users\Rog\source\repos\AnimalApp\AnimalApp.cpp(51,32): message : Сбой при специализации функции-шаблона "unknown-type std::begin(const _Container &) noexcept(<expr>)"
C:\Users\Rog\source\repos\AnimalApp\AnimalApp.cpp(51,32): message : Со следующими аргументами шаблона:
C:\Users\Rog\source\repos\AnimalApp\AnimalApp.cpp(51,32): message : "_Container=unknown-type"
C:\Program Files\Microsoft Visual Studio\2022\Community\VC\Tools\MSVC\14.37.32822\include\xutility(1780,30): message : или       "unknown-type std::begin(_Container &) noexcept(<expr>)"
C:\Users\Rog\source\repos\AnimalApp\AnimalApp.cpp(51,32): message : Сбой при специализации функции-шаблона "unknown-type std::begin(_Container &) noexcept(<expr>)"
C:\Users\Rog\source\repos\AnimalApp\AnimalApp.cpp(51,32): message : Со следующими аргументами шаблона:
C:\Users\Rog\source\repos\AnimalApp\AnimalApp.cpp(51,32): message : "_Container=unknown-type"
C:\Program Files\Microsoft Visual Studio\2022\Community\VC\Tools\MSVC\14.37.32822\include\initializer_list(55,35): message : или       "const _Elem *std::begin(std::initializer_list<_Elem>) noexcept"
C:\Users\Rog\source\repos\AnimalApp\AnimalApp.cpp(51,32): message : 'const _Elem *std::begin(std::initializer_list<_Elem>) noexcept': не удалось вывести аргумент шаблон для 'std::initializer_list<_Elem>' из 'unknown-type'
C:\Users\Rog\source\repos\AnimalApp\AnimalApp.cpp(51,32): error C2672: "end": не найдена соответствующая перегруженная функция
C:\Program Files\Microsoft Visual Studio\2022\Community\VC\Tools\MSVC\14.37.32822\include\xutility(1809,27): message : может быть "_Ty *std::end(_Ty (&)[_Size]) noexcept"
C:\Users\Rog\source\repos\AnimalApp\AnimalApp.cpp(51,32): message : '_Ty *std::end(_Ty (&)[_Size]) noexcept': не удалось вывести аргумент шаблон для '_Ty (&)[_Size]' из 'unknown-type'
C:\Program Files\Microsoft Visual Studio\2022\Community\VC\Tools\MSVC\14.37.32822\include\xutility(1798,30): message : или       "unknown-type std::end(const _Container &) noexcept(<expr>)"
C:\Users\Rog\source\repos\AnimalApp\AnimalApp.cpp(51,32): message : Сбой при специализации функции-шаблона "unknown-type std::end(const _Container &) noexcept(<expr>)"
C:\Users\Rog\source\repos\AnimalApp\AnimalApp.cpp(51,32): message : Со следующими аргументами шаблона:
C:\Users\Rog\source\repos\AnimalApp\AnimalApp.cpp(51,32): message : "_Container=unknown-type"
C:\Program Files\Microsoft Visual Studio\2022\Community\VC\Tools\MSVC\14.37.32822\include\xutility(1792,30): message : или       "unknown-type std::end(_Container &) noexcept(<expr>)"
C:\Users\Rog\source\repos\AnimalApp\AnimalApp.cpp(51,32): message : Сбой при специализации функции-шаблона "unknown-type std::end(_Container &) noexcept(<expr>)"
C:\Users\Rog\source\repos\AnimalApp\AnimalApp.cpp(51,32): message : Со следующими аргументами шаблона:
C:\Users\Rog\source\repos\AnimalApp\AnimalApp.cpp(51,32): message : "_Container=unknown-type"
C:\Program Files\Microsoft Visual Studio\2022\Community\VC\Tools\MSVC\14.37.32822\include\initializer_list(60,35): message : или       "const _Elem *std::end(std::initializer_list<_Elem>) noexcept"
C:\Users\Rog\source\repos\AnimalApp\AnimalApp.cpp(51,32): message : 'const _Elem *std::end(std::initializer_list<_Elem>) noexcept': не удалось вывести аргумент шаблон для 'std::initializer_list<_Elem>' из 'unknown-type'
C:\Users\Rog\source\repos\AnimalApp\AnimalApp.cpp(51,32): error C3536: <begin>$L0: не может использоваться до инициализации
C:\Users\Rog\source\repos\AnimalApp\AnimalApp.cpp(51,32): error C3536: <end>$L0: не может использоваться до инициализации
C:\Users\Rog\source\repos\AnimalApp\AnimalApp.cpp(51,42): error C2100: недопустимое косвенное обращение
C:\Users\Rog\source\repos\AnimalApp\AnimalApp.cpp(52,36): error C2672: "begin": не найдена соответствующая перегруженная функция
C:\Program Files\Microsoft Visual Studio\2022\Community\VC\Tools\MSVC\14.37.32822\include\xutility(1804,27): message : может быть "_Ty *std::begin(_Ty (&)[_Size]) noexcept"
C:\Users\Rog\source\repos\AnimalApp\AnimalApp.cpp(52,36): message : '_Ty *std::begin(_Ty (&)[_Size]) noexcept': не удалось вывести аргумент шаблон для '_Ty (&)[_Size]' из 'unknown-type'
C:\Program Files\Microsoft Visual Studio\2022\Community\VC\Tools\MSVC\14.37.32822\include\xutility(1786,30): message : или       "unknown-type std::begin(const _Container &) noexcept(<expr>)"
C:\Users\Rog\source\repos\AnimalApp\AnimalApp.cpp(52,36): message : Сбой при специализации функции-шаблона "unknown-type std::begin(const _Container &) noexcept(<expr>)"
C:\Users\Rog\source\repos\AnimalApp\AnimalApp.cpp(52,36): message : Со следующими аргументами шаблона:
C:\Users\Rog\source\repos\AnimalApp\AnimalApp.cpp(52,36): message : "_Container=unknown-type"
C:\Program Files\Microsoft Visual Studio\2022\Community\VC\Tools\MSVC\14.37.32822\include\xutility(1780,30): message : или       "unknown-type std::begin(_Container &) noexcept(<expr>)"
C:\Users\Rog\source\repos\AnimalApp\AnimalApp.cpp(52,36): message : Сбой при специализации функции-шаблона "unknown-type std::begin(_Container &) noexcept(<expr>)"
C:\Users\Rog\source\repos\AnimalApp\AnimalApp.cpp(52,36): message : Со следующими аргументами шаблона:
C:\Users\Rog\source\repos\AnimalApp\AnimalApp.cpp(52,36): message : "_Container=unknown-type"
C:\Program Files\Microsoft Visual Studio\2022\Community\VC\Tools\MSVC\14.37.32822\include\initializer_list(55,35): message : или       "const _Elem *std::begin(std::initializer_list<_Elem>) noexcept"
C:\Users\Rog\source\repos\AnimalApp\AnimalApp.cpp(52,36): message : 'const _Elem *std::begin(std::initializer_list<_Elem>) noexcept': не удалось вывести аргумент шаблон для 'std::initializer_list<_Elem>' из 'unknown-type'
C:\Users\Rog\source\repos\AnimalApp\AnimalApp.cpp(52,36): error C2672: "end": не найдена соответствующая перегруженная функция
C:\Program Files\Microsoft Visual Studio\2022\Community\VC\Tools\MSVC\14.37.32822\include\xutility(1809,27): message : может быть "_Ty *std::end(_Ty (&)[_Size]) noexcept"
C:\Users\Rog\source\repos\AnimalApp\AnimalApp.cpp(52,36): message : '_Ty *std::end(_Ty (&)[_Size]) noexcept': не удалось вывести аргумент шаблон для '_Ty (&)[_Size]' из 'unknown-type'
C:\Program Files\Microsoft Visual Studio\2022\Community\VC\Tools\MSVC\14.37.32822\include\xutility(1798,30): message : или       "unknown-type std::end(const _Container &) noexcept(<expr>)"
C:\Users\Rog\source\repos\AnimalApp\AnimalApp.cpp(52,36): message : Сбой при специализации функции-шаблона "unknown-type std::end(const _Container &) noexcept(<expr>)"
C:\Users\Rog\source\repos\AnimalApp\AnimalApp.cpp(52,36): message : Со следующими аргументами шаблона:
C:\Users\Rog\source\repos\AnimalApp\AnimalApp.cpp(52,36): message : "_Container=unknown-type"
C:\Program Files\Microsoft Visual Studio\2022\Community\VC\Tools\MSVC\14.37.32822\include\xutility(1792,30): message : или       "unknown-type std::end(_Container &) noexcept(<expr>)"
C:\Users\Rog\source\repos\AnimalApp\AnimalApp.cpp(52,36): message : Сбой при специализации функции-шаблона "unknown-type std::end(_Container &) noexcept(<expr>)"
C:\Users\Rog\source\repos\AnimalApp\AnimalApp.cpp(52,36): message : Со следующими аргументами шаблона:
C:\Users\Rog\source\repos\AnimalApp\AnimalApp.cpp(52,36): message : "_Container=unknown-type"
C:\Program Files\Microsoft Visual Studio\2022\Community\VC\Tools\MSVC\14.37.32822\include\initializer_list(60,35): message : или       "const _Elem *std::end(std::initializer_list<_Elem>) noexcept"
C:\Users\Rog\source\repos\AnimalApp\AnimalApp.cpp(52,36): message : 'const _Elem *std::end(std::initializer_list<_Elem>) noexcept': не удалось вывести аргумент шаблон для 'std::initializer_list<_Elem>' из 'unknown-type'
C:\Users\Rog\source\repos\AnimalApp\AnimalApp.cpp(52,36): error C3536: <begin>$L1: не может использоваться до инициализации
C:\Users\Rog\source\repos\AnimalApp\AnimalApp.cpp(52,36): error C3536: <end>$L1: не может использоваться до инициализации
C:\Users\Rog\source\repos\AnimalApp\AnimalApp.cpp(52,46): error C2100: недопустимое косвенное обращение
C:\Users\Rog\source\repos\AnimalApp\AnimalApp.cpp(61,23): error C2061: синтаксическая ошибка: идентификатор "Herbivore"
C:\Users\Rog\source\repos\AnimalApp\AnimalApp.cpp(65,23): error C2061: синтаксическая ошибка: идентификатор "Carnivore"
C:\Users\Rog\source\repos\AnimalApp\AnimalApp.cpp(62,30): error C2065: herbivore: необъявленный идентификатор
C:\Users\Rog\source\repos\AnimalApp\AnimalApp.cpp(66,30): error C2065: carnivore: необъявленный идентификатор
C:\Users\Rog\source\repos\AnimalApp\AnimalApp.cpp(70,32): error C2672: "begin": не найдена соответствующая перегруженная функция
C:\Program Files\Microsoft Visual Studio\2022\Community\VC\Tools\MSVC\14.37.32822\include\xutility(1804,27): message : может быть "_Ty *std::begin(_Ty (&)[_Size]) noexcept"
C:\Users\Rog\source\repos\AnimalApp\AnimalApp.cpp(70,32): message : '_Ty *std::begin(_Ty (&)[_Size]) noexcept': не удалось вывести аргумент шаблон для '_Ty (&)[_Size]' из 'unknown-type'
C:\Program Files\Microsoft Visual Studio\2022\Community\VC\Tools\MSVC\14.37.32822\include\xutility(1786,30): message : или       "unknown-type std::begin(const _Container &) noexcept(<expr>)"
C:\Users\Rog\source\repos\AnimalApp\AnimalApp.cpp(70,32): message : Сбой при специализации функции-шаблона "unknown-type std::begin(const _Container &) noexcept(<expr>)"
C:\Users\Rog\source\repos\AnimalApp\AnimalApp.cpp(70,32): message : Со следующими аргументами шаблона:
C:\Users\Rog\source\repos\AnimalApp\AnimalApp.cpp(70,32): message : "_Container=unknown-type"
C:\Program Files\Microsoft Visual Studio\2022\Community\VC\Tools\MSVC\14.37.32822\include\xutility(1780,30): message : или       "unknown-type std::begin(_Container &) noexcept(<expr>)"
C:\Users\Rog\source\repos\AnimalApp\AnimalApp.cpp(70,32): message : Сбой при специализации функции-шаблона "unknown-type std::begin(_Container &) noexcept(<expr>)"
C:\Users\Rog\source\repos\AnimalApp\AnimalApp.cpp(70,32): message : Со следующими аргументами шаблона:
C:\Users\Rog\source\repos\AnimalApp\AnimalApp.cpp(70,32): message : "_Container=unknown-type"
C:\Program Files\Microsoft Visual Studio\2022\Community\VC\Tools\MSVC\14.37.32822\include\initializer_list(55,35): message : или       "const _Elem *std::begin(std::initializer_list<_Elem>) noexcept"
C:\Users\Rog\source\repos\AnimalApp\AnimalApp.cpp(70,32): message : 'const _Elem *std::begin(std::initializer_list<_Elem>) noexcept': не удалось вывести аргумент шаблон для 'std::initializer_list<_Elem>' из 'unknown-type'
C:\Users\Rog\source\repos\AnimalApp\AnimalApp.cpp(70,32): error C2672: "end": не найдена соответствующая перегруженная функция
C:\Program Files\Microsoft Visual Studio\2022\Community\VC\Tools\MSVC\14.37.32822\include\xutility(1809,27): message : может быть "_Ty *std::end(_Ty (&)[_Size]) noexcept"
C:\Users\Rog\source\repos\AnimalApp\AnimalApp.cpp(70,32): message : '_Ty *std::end(_Ty (&)[_Size]) noexcept': не удалось вывести аргумент шаблон для '_Ty (&)[_Size]' из 'unknown-type'
C:\Program Files\Microsoft Visual Studio\2022\Community\VC\Tools\MSVC\14.37.32822\include\xutility(1798,30): message : или       "unknown-type std::end(const _Container &) noexcept(<expr>)"
C:\Users\Rog\source\repos\AnimalApp\AnimalApp.cpp(70,32): message : Сбой при специализации функции-шаблона "unknown-type std::end(const _Container &) noexcept(<expr>)"
C:\Users\Rog\source\repos\AnimalApp\AnimalApp.cpp(70,32): message : Со следующими аргументами шаблона:
C:\Users\Rog\source\repos\AnimalApp\AnimalApp.cpp(70,32): message : "_Container=unknown-type"
C:\Program Files\Microsoft Visual Studio\2022\Community\VC\Tools\MSVC\14.37.32822\include\xutility(1792,30): message : или       "unknown-type std::end(_Container &) noexcept(<expr>)"
C:\Users\Rog\source\repos\AnimalApp\AnimalApp.cpp(70,32): message : Сбой при специализации функции-шаблона "unknown-type std::end(_Container &) noexcept(<expr>)"
C:\Users\Rog\source\repos\AnimalApp\AnimalApp.cpp(70,32): message : Со следующими аргументами шаблона:
C:\Users\Rog\source\repos\AnimalApp\AnimalApp.cpp(70,32): message : "_Container=unknown-type"
C:\Program Files\Microsoft Visual Studio\2022\Community\VC\Tools\MSVC\14.37.32822\include\initializer_list(60,35): message : или       "const _Elem *std::end(std::initializer_list<_Elem>) noexcept"
C:\Users\Rog\source\repos\AnimalApp\AnimalApp.cpp(70,32): message : 'const _Elem *std::end(std::initializer_list<_Elem>) noexcept': не удалось вывести аргумент шаблон для 'std::initializer_list<_Elem>' из 'unknown-type'
C:\Users\Rog\source\repos\AnimalApp\AnimalApp.cpp(70,32): error C3536: <begin>$L0: не может использоваться до инициализации
C:\Users\Rog\source\repos\AnimalApp\AnimalApp.cpp(70,32): error C3536: <end>$L0: не может использоваться до инициализации
C:\Users\Rog\source\repos\AnimalApp\AnimalApp.cpp(70,42): error C2100: недопустимое косвенное обращение
C:\Users\Rog\source\repos\AnimalApp\AnimalApp.cpp(76,32): error C2672: "begin": не найдена соответствующая перегруженная функция
C:\Program Files\Microsoft Visual Studio\2022\Community\VC\Tools\MSVC\14.37.32822\include\xutility(1804,27): message : может быть "_Ty *std::begin(_Ty (&)[_Size]) noexcept"
C:\Users\Rog\source\repos\AnimalApp\AnimalApp.cpp(76,32): message : '_Ty *std::begin(_Ty (&)[_Size]) noexcept': не удалось вывести аргумент шаблон для '_Ty (&)[_Size]' из 'unknown-type'
C:\Program Files\Microsoft Visual Studio\2022\Community\VC\Tools\MSVC\14.37.32822\include\xutility(1786,30): message : или       "unknown-type std::begin(const _Container &) noexcept(<expr>)"
C:\Users\Rog\source\repos\AnimalApp\AnimalApp.cpp(76,32): message : Сбой при специализации функции-шаблона "unknown-type std::begin(const _Container &) noexcept(<expr>)"
C:\Users\Rog\source\repos\AnimalApp\AnimalApp.cpp(76,32): message : Со следующими аргументами шаблона:
C:\Users\Rog\source\repos\AnimalApp\AnimalApp.cpp(76,32): message : "_Container=unknown-type"
C:\Program Files\Microsoft Visual Studio\2022\Community\VC\Tools\MSVC\14.37.32822\include\xutility(1780,30): message : или       "unknown-type std::begin(_Container &) noexcept(<expr>)"
C:\Users\Rog\source\repos\AnimalApp\AnimalApp.cpp(76,32): message : Сбой при специализации функции-шаблона "unknown-type std::begin(_Container &) noexcept(<expr>)"
C:\Users\Rog\source\repos\AnimalApp\AnimalApp.cpp(76,32): message : Со следующими аргументами шаблона:
C:\Users\Rog\source\repos\AnimalApp\AnimalApp.cpp(76,32): message : "_Container=unknown-type"
C:\Program Files\Microsoft Visual Studio\2022\Community\VC\Tools\MSVC\14.37.32822\include\initializer_list(55,35): message : или       "const _Elem *std::begin(std::initializer_list<_Elem>) noexcept"
C:\Users\Rog\source\repos\AnimalApp\AnimalApp.cpp(76,32): message : 'const _Elem *std::begin(std::initializer_list<_Elem>) noexcept': не удалось вывести аргумент шаблон для 'std::initializer_list<_Elem>' из 'unknown-type'
C:\Users\Rog\source\repos\AnimalApp\AnimalApp.cpp(76,32): error C2672: "end": не найдена соответствующая перегруженная функция
C:\Program Files\Microsoft Visual Studio\2022\Community\VC\Tools\MSVC\14.37.32822\include\xutility(1809,27): message : может быть "_Ty *std::end(_Ty (&)[_Size]) noexcept"
C:\Users\Rog\source\repos\AnimalApp\AnimalApp.cpp(76,32): message : '_Ty *std::end(_Ty (&)[_Size]) noexcept': не удалось вывести аргумент шаблон для '_Ty (&)[_Size]' из 'unknown-type'
C:\Program Files\Microsoft Visual Studio\2022\Community\VC\Tools\MSVC\14.37.32822\include\xutility(1798,30): message : или       "unknown-type std::end(const _Container &) noexcept(<expr>)"
C:\Users\Rog\source\repos\AnimalApp\AnimalApp.cpp(76,32): message : Сбой при специализации функции-шаблона "unknown-type std::end(const _Container &) noexcept(<expr>)"
C:\Users\Rog\source\repos\AnimalApp\AnimalApp.cpp(76,32): message : Со следующими аргументами шаблона:
C:\Users\Rog\source\repos\AnimalApp\AnimalApp.cpp(76,32): message : "_Container=unknown-type"
C:\Program Files\Microsoft Visual Studio\2022\Community\VC\Tools\MSVC\14.37.32822\include\xutility(1792,30): message : или       "unknown-type std::end(_Container &) noexcept(<expr>)"
C:\Users\Rog\source\repos\AnimalApp\AnimalApp.cpp(76,32): message : Сбой при специализации функции-шаблона "unknown-type std::end(_Container &) noexcept(<expr>)"
C:\Users\Rog\source\repos\AnimalApp\AnimalApp.cpp(76,32): message : Со следующими аргументами шаблона:
C:\Users\Rog\source\repos\AnimalApp\AnimalApp.cpp(76,32): message : "_Container=unknown-type"
C:\Program Files\Microsoft Visual Studio\2022\Community\VC\Tools\MSVC\14.37.32822\include\initializer_list(60,35): message : или       "const _Elem *std::end(std::initializer_list<_Elem>) noexcept"
C:\Users\Rog\source\repos\AnimalApp\AnimalApp.cpp(76,32): message : 'const _Elem *std::end(std::initializer_list<_Elem>) noexcept': не удалось вывести аргумент шаблон для 'std::initializer_list<_Elem>' из 'unknown-type'
C:\Users\Rog\source\repos\AnimalApp\AnimalApp.cpp(76,32): error C3536: <begin>$L0: не может использоваться до инициализации
C:\Users\Rog\source\repos\AnimalApp\AnimalApp.cpp(76,32): error C3536: <end>$L0: не может использоваться до инициализации
C:\Users\Rog\source\repos\AnimalApp\AnimalApp.cpp(76,42): error C2100: недопустимое косвенное обращение
C:\Users\Rog\source\repos\AnimalApp\AnimalApp.cpp(77,36): error C2672: "begin": не найдена соответствующая перегруженная функция
C:\Program Files\Microsoft Visual Studio\2022\Community\VC\Tools\MSVC\14.37.32822\include\xutility(1804,27): message : может быть "_Ty *std::begin(_Ty (&)[_Size]) noexcept"
C:\Users\Rog\source\repos\AnimalApp\AnimalApp.cpp(77,36): message : '_Ty *std::begin(_Ty (&)[_Size]) noexcept': не удалось вывести аргумент шаблон для '_Ty (&)[_Size]' из 'unknown-type'
C:\Program Files\Microsoft Visual Studio\2022\Community\VC\Tools\MSVC\14.37.32822\include\xutility(1786,30): message : или       "unknown-type std::begin(const _Container &) noexcept(<expr>)"
C:\Users\Rog\source\repos\AnimalApp\AnimalApp.cpp(77,36): message : Сбой при специализации функции-шаблона "unknown-type std::begin(const _Container &) noexcept(<expr>)"
C:\Users\Rog\source\repos\AnimalApp\AnimalApp.cpp(77,36): message : Со следующими аргументами шаблона:
C:\Users\Rog\source\repos\AnimalApp\AnimalApp.cpp(77,36): message : "_Container=unknown-type"
C:\Program Files\Microsoft Visual Studio\2022\Community\VC\Tools\MSVC\14.37.32822\include\xutility(1780,30): message : или       "unknown-type std::begin(_Container &) noexcept(<expr>)"
C:\Users\Rog\source\repos\AnimalApp\AnimalApp.cpp(77,36): message : Сбой при специализации функции-шаблона "unknown-type std::begin(_Container &) noexcept(<expr>)"
C:\Users\Rog\source\repos\AnimalApp\AnimalApp.cpp(77,36): message : Со следующими аргументами шаблона:
C:\Users\Rog\source\repos\AnimalApp\AnimalApp.cpp(77,36): message : "_Container=unknown-type"
C:\Program Files\Microsoft Visual Studio\2022\Community\VC\Tools\MSVC\14.37.32822\include\initializer_list(55,35): message : или       "const _Elem *std::begin(std::initializer_list<_Elem>) noexcept"
C:\Users\Rog\source\repos\AnimalApp\AnimalApp.cpp(77,36): message : 'const _Elem *std::begin(std::initializer_list<_Elem>) noexcept': не удалось вывести аргумент шаблон для 'std::initializer_list<_Elem>' из 'unknown-type'
C:\Users\Rog\source\repos\AnimalApp\AnimalApp.cpp(77,36): error C2672: "end": не найдена соответствующая перегруженная функция
C:\Program Files\Microsoft Visual Studio\2022\Community\VC\Tools\MSVC\14.37.32822\include\xutility(1809,27): message : может быть "_Ty *std::end(_Ty (&)[_Size]) noexcept"
C:\Users\Rog\source\repos\AnimalApp\AnimalApp.cpp(77,36): message : '_Ty *std::end(_Ty (&)[_Size]) noexcept': не удалось вывести аргумент шаблон для '_Ty (&)[_Size]' из 'unknown-type'
C:\Program Files\Microsoft Visual Studio\2022\Community\VC\Tools\MSVC\14.37.32822\include\xutility(1798,30): message : или       "unknown-type std::end(const _Container &) noexcept(<expr>)"
C:\Users\Rog\source\repos\AnimalApp\AnimalApp.cpp(77,36): message : Сбой при специализации функции-шаблона "unknown-type std::end(const _Container &) noexcept(<expr>)"
C:\Users\Rog\source\repos\AnimalApp\AnimalApp.cpp(77,36): message : Со следующими аргументами шаблона:
C:\Users\Rog\source\repos\AnimalApp\AnimalApp.cpp(77,36): message : "_Container=unknown-type"
C:\Program Files\Microsoft Visual Studio\2022\Community\VC\Tools\MSVC\14.37.32822\include\xutility(1792,30): message : или       "unknown-type std::end(_Container &) noexcept(<expr>)"
C:\Users\Rog\source\repos\AnimalApp\AnimalApp.cpp(77,36): message : Сбой при специализации функции-шаблона "unknown-type std::end(_Container &) noexcept(<expr>)"
C:\Users\Rog\source\repos\AnimalApp\AnimalApp.cpp(77,36): message : Со следующими аргументами шаблона:
C:\Users\Rog\source\repos\AnimalApp\AnimalApp.cpp(77,36): message : "_Container=unknown-type"
C:\Program Files\Microsoft Visual Studio\2022\Community\VC\Tools\MSVC\14.37.32822\include\initializer_list(60,35): message : или       "const _Elem *std::end(std::initializer_list<_Elem>) noexcept"
C:\Users\Rog\source\repos\AnimalApp\AnimalApp.cpp(77,36): message : 'const _Elem *std::end(std::initializer_list<_Elem>) noexcept': не удалось вывести аргумент шаблон для 'std::initializer_list<_Elem>' из 'unknown-type'
C:\Users\Rog\source\repos\AnimalApp\AnimalApp.cpp(77,36): error C3536: <begin>$L1: не может использоваться до инициализации
C:\Users\Rog\source\repos\AnimalApp\AnimalApp.cpp(77,36): error C3536: <end>$L1: не может использоваться до инициализации
C:\Users\Rog\source\repos\AnimalApp\AnimalApp.cpp(77,46): error C2100: недопустимое косвенное обращение
C:\Users\Rog\source\repos\AnimalApp\AnimalApp.cpp(270,6): error C2660: Africa::AddHerbivore: функция не принимает 1 аргументов
C:\Users\Rog\source\repos\AnimalApp\AnimalApp.cpp(36,10): message : см. объявление "Africa::AddHerbivore"
C:\Users\Rog\source\repos\AnimalApp\AnimalApp.cpp(270,6): message : при попытке сопоставить список аргументов "(Bison *)"
C:\Users\Rog\source\repos\AnimalApp\AnimalApp.cpp(271,6): error C2660: Africa::AddCarnivore: функция не принимает 1 аргументов
C:\Users\Rog\source\repos\AnimalApp\AnimalApp.cpp(40,10): message : см. объявление "Africa::AddCarnivore"
C:\Users\Rog\source\repos\AnimalApp\AnimalApp.cpp(271,6): message : при попытке сопоставить список аргументов "(Lion *)"
C:\Users\Rog\source\repos\AnimalApp\AnimalApp.cpp(277,6): error C2660: NortAmerica::AddHerbivore: функция не принимает 1 аргументов
C:\Users\Rog\source\repos\AnimalApp\AnimalApp.cpp(61,10): message : см. объявление "NortAmerica::AddHerbivore"
C:\Users\Rog\source\repos\AnimalApp\AnimalApp.cpp(277,6): message : при попытке сопоставить список аргументов "(WildeBeest *)"
C:\Users\Rog\source\repos\AnimalApp\AnimalApp.cpp(278,6): error C2660: NortAmerica::AddCarnivore: функция не принимает 1 аргументов
C:\Users\Rog\source\repos\AnimalApp\AnimalApp.cpp(65,10): message : см. объявление "NortAmerica::AddCarnivore"
C:\Users\Rog\source\repos\AnimalApp\AnimalApp.cpp(278,6): message : при попытке сопоставить список аргументов "(Wolf *)"
